<?xml version="1.0" encoding="UTF-8"?>
<testng-results skipped="0" failed="0" ignored="0" total="1" passed="1">
  <reporter-output>
  </reporter-output>
  <suite name="Default suite" duration-ms="14025" started-at="2017-10-09T06:00:23Z" finished-at="2017-10-09T06:00:37Z">
    <groups>
    </groups>
    <test name="Default test" duration-ms="14025" started-at="2017-10-09T06:00:23Z" finished-at="2017-10-09T06:00:37Z">
      <class name="firstTNPackage.firstTNTest">
        <test-method status="PASS" signature="beforeMethod()[pri:0, instance:firstTNPackage.firstTNTest@957e06]" name="beforeMethod" is-config="true" duration-ms="6305" started-at="2017-10-09T02:00:23Z" finished-at="2017-10-09T02:00:29Z">
          <reporter-output>
          </reporter-output>
        </test-method> <!-- beforeMethod -->
        <test-method status="PASS" signature="main()[pri:0, instance:firstTNPackage.firstTNTest@957e06]" name="main" duration-ms="5882" started-at="2017-10-09T02:00:29Z" finished-at="2017-10-09T02:00:35Z">
          <reporter-output>
          </reporter-output>
        </test-method> <!-- main -->
        <test-method status="PASS" signature="afterMethod()[pri:0, instance:firstTNPackage.firstTNTest@957e06]" name="afterMethod" is-config="true" duration-ms="1768" started-at="2017-10-09T02:00:35Z" finished-at="2017-10-09T02:00:37Z">
          <reporter-output>
          </reporter-output>
        </test-method> <!-- afterMethod -->
      </class> <!-- firstTNPackage.firstTNTest -->
    </test> <!-- Default test -->
  </suite> <!-- Default suite -->
</testng-results>
